2016-05-08 00:05:49,804 [ModalContext] INFO  c.n.h.c.p.n.NettyAsyncHttpProvider - Number of application's worked threads is 8
2016-05-08 00:05:50,220 [New I/O client worker #1-1] INFO  o.e.m.c.i.e.AbstractTransferListenerAdapter - Downloading http://repo.maven.apache.org/maven2/org/apache/maven/archetypes/maven-archetype-quickstart/maven-metadata.xml
2016-05-08 00:05:50,220 [New I/O client worker #1-1] INFO  o.e.m.c.i.e.AbstractTransferListenerAdapter - Downloaded http://repo.maven.apache.org/maven2/org/apache/maven/archetypes/maven-archetype-quickstart/maven-metadata.xml
2016-05-08 00:05:50,588 [ModalContext] INFO  c.n.h.c.p.n.NettyAsyncHttpProvider - Number of application's worked threads is 8
2016-05-08 00:05:50,688 [New I/O client worker #2-1] INFO  o.e.m.c.i.e.AbstractTransferListenerAdapter - Downloading http://repo.maven.apache.org/maven2/org/apache/maven/archetypes/maven-archetype-quickstart/1.1/maven-archetype-quickstart-1.1.jar
2016-05-08 00:05:50,704 [New I/O client worker #2-1] INFO  o.e.m.c.i.e.AbstractTransferListenerAdapter - Downloaded http://repo.maven.apache.org/maven2/org/apache/maven/archetypes/maven-archetype-quickstart/1.1/maven-archetype-quickstart-1.1.jar
2016-05-08 00:07:02,245 [Worker-24] INFO  c.n.h.c.p.n.NettyAsyncHttpProvider - Number of application's worked threads is 8
2016-05-08 00:07:02,369 [New I/O client worker #3-1] INFO  o.e.m.c.i.e.AbstractTransferListenerAdapter - Downloading http://repo.maven.apache.org/maven2/org/apache/maven/archetypes/maven-archetype-quickstart/1.1/maven-archetype-quickstart-1.1.pom
2016-05-08 00:07:02,384 [New I/O client worker #3-1] INFO  o.e.m.c.i.e.AbstractTransferListenerAdapter - Downloaded http://repo.maven.apache.org/maven2/org/apache/maven/archetypes/maven-archetype-quickstart/1.1/maven-archetype-quickstart-1.1.pom
2016-05-08 00:07:02,447 [pool-5-thread-1] INFO  o.e.m.c.i.e.AbstractTransferListenerAdapter - Downloaded file:///C:/Users/Ramkrishna/.m2/repository/org/apache/maven/archetypes/maven-archetype-quickstart/1.1/maven-archetype-quickstart-1.1.jar
2016-05-08 00:07:02,500 [Worker-24] INFO  o.e.m.c.i.p.ProjectConfigurationManager - Collecting project info '/pom.xml' C:\JavaEE\Algorithms\MavenSportArtifact\pom.xml
2016-05-08 00:07:03,703 [Worker-24] INFO  c.n.h.c.p.n.NettyAsyncHttpProvider - Number of application's worked threads is 8
2016-05-08 00:07:03,772 [New I/O client worker #4-1] INFO  o.e.m.c.i.e.AbstractTransferListenerAdapter - Downloading http://repo.maven.apache.org/maven2/org/apache/maven/plugins/maven-clean-plugin/2.4.1/maven-clean-plugin-2.4.1.jar
2016-05-08 00:07:03,873 [New I/O client worker #4-1] INFO  o.e.m.c.i.e.AbstractTransferListenerAdapter - Downloaded http://repo.maven.apache.org/maven2/org/apache/maven/plugins/maven-clean-plugin/2.4.1/maven-clean-plugin-2.4.1.jar
2016-05-08 00:07:04,219 [Worker-24] INFO  c.n.h.c.p.n.NettyAsyncHttpProvider - Number of application's worked threads is 8
2016-05-08 00:07:04,273 [New I/O client worker #5-1] INFO  o.e.m.c.i.e.AbstractTransferListenerAdapter - Downloading http://repo.maven.apache.org/maven2/org/apache/maven/plugins/maven-resources-plugin/2.5/maven-resources-plugin-2.5.jar
2016-05-08 00:07:04,374 [New I/O client worker #5-1] INFO  o.e.m.c.i.e.AbstractTransferListenerAdapter - Downloaded http://repo.maven.apache.org/maven2/org/apache/maven/plugins/maven-resources-plugin/2.5/maven-resources-plugin-2.5.jar
2016-05-08 00:07:04,552 [Worker-24] INFO  c.n.h.c.p.n.NettyAsyncHttpProvider - Number of application's worked threads is 8
2016-05-08 00:07:04,621 [New I/O client worker #6-1] INFO  o.e.m.c.i.e.AbstractTransferListenerAdapter - Downloading http://repo.maven.apache.org/maven2/org/apache/maven/plugins/maven-compiler-plugin/2.3.2/maven-compiler-plugin-2.3.2.jar
2016-05-08 00:07:04,737 [New I/O client worker #6-1] INFO  o.e.m.c.i.e.AbstractTransferListenerAdapter - Downloaded http://repo.maven.apache.org/maven2/org/apache/maven/plugins/maven-compiler-plugin/2.3.2/maven-compiler-plugin-2.3.2.jar
2016-05-08 00:07:04,957 [Worker-24] INFO  c.n.h.c.p.n.NettyAsyncHttpProvider - Number of application's worked threads is 8
2016-05-08 00:07:05,027 [New I/O client worker #7-1] INFO  o.e.m.c.i.e.AbstractTransferListenerAdapter - Downloading http://repo.maven.apache.org/maven2/org/apache/maven/plugins/maven-surefire-plugin/2.10/maven-surefire-plugin-2.10.jar
2016-05-08 00:07:05,098 [New I/O client worker #7-1] INFO  o.e.m.c.i.e.AbstractTransferListenerAdapter - Downloaded http://repo.maven.apache.org/maven2/org/apache/maven/plugins/maven-surefire-plugin/2.10/maven-surefire-plugin-2.10.jar
2016-05-08 00:07:05,252 [Worker-24] WARN  o.e.m.c.i.embedder.EclipseLogger - Failed to dispatch repository event to org.eclipse.m2e.core.internal.embedder.EclipseRepositoryListener: null
2016-05-08 00:07:05,268 [Worker-24] INFO  c.n.h.c.p.n.NettyAsyncHttpProvider - Number of application's worked threads is 8
2016-05-08 00:07:05,369 [New I/O client worker #8-1] INFO  o.e.m.c.i.e.AbstractTransferListenerAdapter - Downloading http://repo.maven.apache.org/maven2/org/apache/maven/plugins/maven-jar-plugin/2.3.2/maven-jar-plugin-2.3.2.jar
2016-05-08 00:07:05,455 [New I/O client worker #8-1] INFO  o.e.m.c.i.e.AbstractTransferListenerAdapter - Downloaded http://repo.maven.apache.org/maven2/org/apache/maven/plugins/maven-jar-plugin/2.3.2/maven-jar-plugin-2.3.2.jar
2016-05-08 00:07:05,624 [Worker-24] INFO  c.n.h.c.p.n.NettyAsyncHttpProvider - Number of application's worked threads is 8
2016-05-08 00:07:05,687 [New I/O client worker #9-1] INFO  o.e.m.c.i.e.AbstractTransferListenerAdapter - Downloading http://repo.maven.apache.org/maven2/org/apache/maven/plugins/maven-install-plugin/2.3.1/maven-install-plugin-2.3.1.jar
2016-05-08 00:07:05,741 [New I/O client worker #9-1] INFO  o.e.m.c.i.e.AbstractTransferListenerAdapter - Downloaded http://repo.maven.apache.org/maven2/org/apache/maven/plugins/maven-install-plugin/2.3.1/maven-install-plugin-2.3.1.jar
2016-05-08 00:07:05,957 [Worker-24] INFO  c.n.h.c.p.n.NettyAsyncHttpProvider - Number of application's worked threads is 8
2016-05-08 00:07:06,041 [New I/O client worker #10-1] INFO  o.e.m.c.i.e.AbstractTransferListenerAdapter - Downloading http://repo.maven.apache.org/maven2/org/apache/maven/plugins/maven-site-plugin/3.0/maven-site-plugin-3.0.jar
2016-05-08 00:07:06,172 [New I/O client worker #10-1] INFO  o.e.m.c.i.e.AbstractTransferListenerAdapter - Downloaded http://repo.maven.apache.org/maven2/org/apache/maven/plugins/maven-site-plugin/3.0/maven-site-plugin-3.0.jar
2016-05-08 00:07:06,372 [Worker-24] WARN  o.e.m.c.i.embedder.EclipseLogger - Failed to dispatch repository event to org.eclipse.m2e.core.internal.embedder.EclipseRepositoryListener: null
2016-05-08 00:07:06,457 [Worker-24] INFO  c.n.h.c.p.n.NettyAsyncHttpProvider - Number of application's worked threads is 8
2016-05-08 00:07:06,509 [New I/O client worker #11-1] INFO  o.e.m.c.i.e.AbstractTransferListenerAdapter - Downloading http://repo.maven.apache.org/maven2/org/apache/maven/plugins/maven-compiler-plugin/2.3.2/maven-compiler-plugin-2.3.2.pom
2016-05-08 00:07:06,525 [New I/O client worker #11-1] INFO  o.e.m.c.i.e.AbstractTransferListenerAdapter - Downloaded http://repo.maven.apache.org/maven2/org/apache/maven/plugins/maven-compiler-plugin/2.3.2/maven-compiler-plugin-2.3.2.pom
2016-05-08 00:07:06,587 [Worker-24] INFO  c.n.h.c.p.n.NettyAsyncHttpProvider - Number of application's worked threads is 8
2016-05-08 00:07:06,641 [New I/O client worker #12-1] INFO  o.e.m.c.i.e.AbstractTransferListenerAdapter - Downloading http://repo.maven.apache.org/maven2/org/apache/maven/plugins/maven-plugins/18/maven-plugins-18.pom
2016-05-08 00:07:06,656 [New I/O client worker #12-1] INFO  o.e.m.c.i.e.AbstractTransferListenerAdapter - Downloaded http://repo.maven.apache.org/maven2/org/apache/maven/plugins/maven-plugins/18/maven-plugins-18.pom
2016-05-08 00:07:06,709 [Worker-24] INFO  c.n.h.c.p.n.NettyAsyncHttpProvider - Number of application's worked threads is 8
2016-05-08 00:07:06,757 [New I/O client worker #13-1] INFO  o.e.m.c.i.e.AbstractTransferListenerAdapter - Downloading http://repo.maven.apache.org/maven2/org/apache/maven/maven-parent/16/maven-parent-16.pom
2016-05-08 00:07:06,825 [New I/O client worker #13-1] INFO  o.e.m.c.i.e.AbstractTransferListenerAdapter - Downloaded http://repo.maven.apache.org/maven2/org/apache/maven/maven-parent/16/maven-parent-16.pom
2016-05-08 00:07:06,887 [Worker-24] INFO  c.n.h.c.p.n.NettyAsyncHttpProvider - Number of application's worked threads is 8
2016-05-08 00:07:06,972 [New I/O client worker #14-1] INFO  o.e.m.c.i.e.AbstractTransferListenerAdapter - Downloading http://repo.maven.apache.org/maven2/org/apache/apache/7/apache-7.pom
2016-05-08 00:07:07,006 [New I/O client worker #14-1] INFO  o.e.m.c.i.e.AbstractTransferListenerAdapter - Downloaded http://repo.maven.apache.org/maven2/org/apache/apache/7/apache-7.pom
2016-05-08 00:07:09,039 [Worker-24] INFO  c.n.h.c.p.n.NettyAsyncHttpProvider - Number of application's worked threads is 8
2016-05-08 00:07:09,101 [New I/O client worker #15-1] INFO  o.e.m.c.i.e.AbstractTransferListenerAdapter - Downloading http://repo.maven.apache.org/maven2/org/codehaus/plexus/plexus-compiler-api/1.8.1/plexus-compiler-api-1.8.1.pom
2016-05-08 00:07:09,121 [New I/O client worker #15-1] INFO  o.e.m.c.i.e.AbstractTransferListenerAdapter - Downloaded http://repo.maven.apache.org/maven2/org/codehaus/plexus/plexus-compiler-api/1.8.1/plexus-compiler-api-1.8.1.pom
2016-05-08 00:07:09,168 [Worker-24] INFO  c.n.h.c.p.n.NettyAsyncHttpProvider - Number of application's worked threads is 8
2016-05-08 00:07:09,268 [New I/O client worker #16-1] INFO  o.e.m.c.i.e.AbstractTransferListenerAdapter - Downloading http://repo.maven.apache.org/maven2/org/codehaus/plexus/plexus-compiler/1.8.1/plexus-compiler-1.8.1.pom
2016-05-08 00:07:09,268 [New I/O client worker #16-1] INFO  o.e.m.c.i.e.AbstractTransferListenerAdapter - Downloaded http://repo.maven.apache.org/maven2/org/codehaus/plexus/plexus-compiler/1.8.1/plexus-compiler-1.8.1.pom
2016-05-08 00:07:09,337 [Worker-24] INFO  c.n.h.c.p.n.NettyAsyncHttpProvider - Number of application's worked threads is 8
2016-05-08 00:07:09,423 [New I/O client worker #17-1] INFO  o.e.m.c.i.e.AbstractTransferListenerAdapter - Downloading http://repo.maven.apache.org/maven2/org/codehaus/plexus/plexus-components/1.1.18/plexus-components-1.1.18.pom
2016-05-08 00:07:09,423 [New I/O client worker #17-1] INFO  o.e.m.c.i.e.AbstractTransferListenerAdapter - Downloaded http://repo.maven.apache.org/maven2/org/codehaus/plexus/plexus-components/1.1.18/plexus-components-1.1.18.pom
2016-05-08 00:07:09,586 [Worker-24] INFO  c.n.h.c.p.n.NettyAsyncHttpProvider - Number of application's worked threads is 8
2016-05-08 00:07:09,670 [New I/O client worker #18-1] INFO  o.e.m.c.i.e.AbstractTransferListenerAdapter - Downloading http://repo.maven.apache.org/maven2/org/codehaus/plexus/plexus-compiler-manager/1.8.1/plexus-compiler-manager-1.8.1.pom
2016-05-08 00:07:09,670 [New I/O client worker #18-1] INFO  o.e.m.c.i.e.AbstractTransferListenerAdapter - Downloaded http://repo.maven.apache.org/maven2/org/codehaus/plexus/plexus-compiler-manager/1.8.1/plexus-compiler-manager-1.8.1.pom
2016-05-08 00:07:09,723 [Worker-24] INFO  c.n.h.c.p.n.NettyAsyncHttpProvider - Number of application's worked threads is 8
2016-05-08 00:07:09,806 [New I/O client worker #19-1] INFO  o.e.m.c.i.e.AbstractTransferListenerAdapter - Downloading http://repo.maven.apache.org/maven2/org/codehaus/plexus/plexus-compiler-javac/1.8.1/plexus-compiler-javac-1.8.1.pom
2016-05-08 00:07:09,823 [New I/O client worker #19-1] INFO  o.e.m.c.i.e.AbstractTransferListenerAdapter - Downloaded http://repo.maven.apache.org/maven2/org/codehaus/plexus/plexus-compiler-javac/1.8.1/plexus-compiler-javac-1.8.1.pom
2016-05-08 00:07:09,886 [Worker-24] INFO  c.n.h.c.p.n.NettyAsyncHttpProvider - Number of application's worked threads is 8
2016-05-08 00:07:09,939 [New I/O client worker #20-1] INFO  o.e.m.c.i.e.AbstractTransferListenerAdapter - Downloading http://repo.maven.apache.org/maven2/org/codehaus/plexus/plexus-compilers/1.8.1/plexus-compilers-1.8.1.pom
2016-05-08 00:07:09,955 [New I/O client worker #20-1] INFO  o.e.m.c.i.e.AbstractTransferListenerAdapter - Downloaded http://repo.maven.apache.org/maven2/org/codehaus/plexus/plexus-compilers/1.8.1/plexus-compilers-1.8.1.pom
2016-05-08 00:07:10,071 [Worker-24] INFO  c.n.h.c.p.n.NettyAsyncHttpProvider - Number of application's worked threads is 8
2016-05-08 00:07:10,156 [New I/O client worker #21-3] INFO  o.e.m.c.i.e.AbstractTransferListenerAdapter - Downloading http://repo.maven.apache.org/maven2/org/codehaus/plexus/plexus-compiler-javac/1.8.1/plexus-compiler-javac-1.8.1.jar
2016-05-08 00:07:10,156 [New I/O client worker #21-1] INFO  o.e.m.c.i.e.AbstractTransferListenerAdapter - Downloading http://repo.maven.apache.org/maven2/org/codehaus/plexus/plexus-compiler-api/1.8.1/plexus-compiler-api-1.8.1.jar
2016-05-08 00:07:10,156 [New I/O client worker #21-2] INFO  o.e.m.c.i.e.AbstractTransferListenerAdapter - Downloading http://repo.maven.apache.org/maven2/org/codehaus/plexus/plexus-compiler-manager/1.8.1/plexus-compiler-manager-1.8.1.jar
2016-05-08 00:07:10,203 [New I/O client worker #21-3] INFO  o.e.m.c.i.e.AbstractTransferListenerAdapter - Downloaded http://repo.maven.apache.org/maven2/org/codehaus/plexus/plexus-compiler-javac/1.8.1/plexus-compiler-javac-1.8.1.jar
2016-05-08 00:07:10,203 [New I/O client worker #21-2] INFO  o.e.m.c.i.e.AbstractTransferListenerAdapter - Downloaded http://repo.maven.apache.org/maven2/org/codehaus/plexus/plexus-compiler-manager/1.8.1/plexus-compiler-manager-1.8.1.jar
2016-05-08 00:07:10,288 [New I/O client worker #21-1] INFO  o.e.m.c.i.e.AbstractTransferListenerAdapter - Downloaded http://repo.maven.apache.org/maven2/org/codehaus/plexus/plexus-compiler-api/1.8.1/plexus-compiler-api-1.8.1.jar
2016-05-08 00:07:11,162 [Worker-24] INFO  o.e.m.c.i.l.LifecycleMappingFactory - Using org.eclipse.m2e.jdt.JarLifecycleMapping lifecycle mapping for MavenProject: MavenSportGroup:MavenSportArtifact:0.0.1-SNAPSHOT @ C:\JavaEE\Algorithms\MavenSportArtifact\pom.xml.
2016-05-08 00:07:11,209 [Worker-24] INFO  c.n.h.c.p.n.NettyAsyncHttpProvider - Number of application's worked threads is 8
2016-05-08 00:07:11,326 [New I/O client worker #22-1] INFO  o.e.m.c.i.e.AbstractTransferListenerAdapter - Downloading http://repo.maven.apache.org/maven2/org/apache/maven/plugins/maven-resources-plugin/2.5/maven-resources-plugin-2.5.pom
2016-05-08 00:07:11,347 [New I/O client worker #22-1] INFO  o.e.m.c.i.e.AbstractTransferListenerAdapter - Downloaded http://repo.maven.apache.org/maven2/org/apache/maven/plugins/maven-resources-plugin/2.5/maven-resources-plugin-2.5.pom
2016-05-08 00:07:11,410 [Worker-24] INFO  c.n.h.c.p.n.NettyAsyncHttpProvider - Number of application's worked threads is 8
2016-05-08 00:07:11,510 [New I/O client worker #23-1] INFO  o.e.m.c.i.e.AbstractTransferListenerAdapter - Downloading http://repo.maven.apache.org/maven2/org/apache/maven/plugins/maven-plugins/19/maven-plugins-19.pom
2016-05-08 00:07:11,532 [New I/O client worker #23-1] INFO  o.e.m.c.i.e.AbstractTransferListenerAdapter - Downloaded http://repo.maven.apache.org/maven2/org/apache/maven/plugins/maven-plugins/19/maven-plugins-19.pom
2016-05-08 00:07:11,632 [Worker-24] INFO  c.n.h.c.p.n.NettyAsyncHttpProvider - Number of application's worked threads is 8
2016-05-08 00:07:11,695 [New I/O client worker #24-1] INFO  o.e.m.c.i.e.AbstractTransferListenerAdapter - Downloading http://repo.maven.apache.org/maven2/org/apache/maven/maven-parent/19/maven-parent-19.pom
2016-05-08 00:07:11,748 [New I/O client worker #24-1] INFO  o.e.m.c.i.e.AbstractTransferListenerAdapter - Downloaded http://repo.maven.apache.org/maven2/org/apache/maven/maven-parent/19/maven-parent-19.pom
2016-05-08 00:07:11,795 [Worker-24] INFO  c.n.h.c.p.n.NettyAsyncHttpProvider - Number of application's worked threads is 8
2016-05-08 00:07:11,880 [New I/O client worker #25-1] INFO  o.e.m.c.i.e.AbstractTransferListenerAdapter - Downloading http://repo.maven.apache.org/maven2/org/apache/apache/9/apache-9.pom
2016-05-08 00:07:11,931 [New I/O client worker #25-1] INFO  o.e.m.c.i.e.AbstractTransferListenerAdapter - Downloaded http://repo.maven.apache.org/maven2/org/apache/apache/9/apache-9.pom
2016-05-08 00:07:11,980 [Worker-24] INFO  c.n.h.c.p.n.NettyAsyncHttpProvider - Number of application's worked threads is 8
2016-05-08 00:07:12,065 [New I/O client worker #26-1] INFO  o.e.m.c.i.e.AbstractTransferListenerAdapter - Downloading http://repo.maven.apache.org/maven2/org/apache/maven/plugins/maven-surefire-plugin/2.10/maven-surefire-plugin-2.10.pom
2016-05-08 00:07:12,080 [New I/O client worker #26-1] INFO  o.e.m.c.i.e.AbstractTransferListenerAdapter - Downloaded http://repo.maven.apache.org/maven2/org/apache/maven/plugins/maven-surefire-plugin/2.10/maven-surefire-plugin-2.10.pom
2016-05-08 00:07:12,165 [Worker-24] INFO  c.n.h.c.p.n.NettyAsyncHttpProvider - Number of application's worked threads is 8
2016-05-08 00:07:12,265 [New I/O client worker #27-1] INFO  o.e.m.c.i.e.AbstractTransferListenerAdapter - Downloading http://repo.maven.apache.org/maven2/org/apache/maven/surefire/surefire/2.10/surefire-2.10.pom
2016-05-08 00:07:12,281 [New I/O client worker #27-1] INFO  o.e.m.c.i.e.AbstractTransferListenerAdapter - Downloaded http://repo.maven.apache.org/maven2/org/apache/maven/surefire/surefire/2.10/surefire-2.10.pom
2016-05-08 00:07:12,334 [Worker-24] INFO  c.n.h.c.p.n.NettyAsyncHttpProvider - Number of application's worked threads is 8
2016-05-08 00:07:12,435 [New I/O client worker #28-1] INFO  o.e.m.c.i.e.AbstractTransferListenerAdapter - Downloading http://repo.maven.apache.org/maven2/org/apache/maven/maven-parent/20/maven-parent-20.pom
2016-05-08 00:07:12,498 [New I/O client worker #28-1] INFO  o.e.m.c.i.e.AbstractTransferListenerAdapter - Downloaded http://repo.maven.apache.org/maven2/org/apache/maven/maven-parent/20/maven-parent-20.pom
2016-05-08 00:07:12,550 [Worker-24] INFO  c.n.h.c.p.n.NettyAsyncHttpProvider - Number of application's worked threads is 8
2016-05-08 00:07:12,634 [New I/O client worker #29-1] INFO  o.e.m.c.i.e.AbstractTransferListenerAdapter - Downloading http://repo.maven.apache.org/maven2/org/apache/maven/plugins/maven-jar-plugin/2.3.2/maven-jar-plugin-2.3.2.pom
2016-05-08 00:07:12,634 [New I/O client worker #29-1] INFO  o.e.m.c.i.e.AbstractTransferListenerAdapter - Downloaded http://repo.maven.apache.org/maven2/org/apache/maven/plugins/maven-jar-plugin/2.3.2/maven-jar-plugin-2.3.2.pom
2016-05-08 00:07:12,696 [Worker-24] INFO  c.n.h.c.p.n.NettyAsyncHttpProvider - Number of application's worked threads is 8
2016-05-08 00:07:12,765 [New I/O client worker #30-1] INFO  o.e.m.c.i.e.AbstractTransferListenerAdapter - Downloading http://repo.maven.apache.org/maven2/org/apache/maven/plugins/maven-plugins/21/maven-plugins-21.pom
2016-05-08 00:07:12,781 [New I/O client worker #30-1] INFO  o.e.m.c.i.e.AbstractTransferListenerAdapter - Downloaded http://repo.maven.apache.org/maven2/org/apache/maven/plugins/maven-plugins/21/maven-plugins-21.pom
2016-05-08 00:07:12,982 [Worker-24] INFO  c.n.h.c.p.n.NettyAsyncHttpProvider - Number of application's worked threads is 8
2016-05-08 00:07:13,098 [New I/O client worker #31-1] INFO  o.e.m.c.i.e.AbstractTransferListenerAdapter - Downloading http://repo.maven.apache.org/maven2/org/apache/maven/maven-archiver/2.4.2/maven-archiver-2.4.2.pom
2016-05-08 00:07:13,113 [New I/O client worker #31-1] INFO  o.e.m.c.i.e.AbstractTransferListenerAdapter - Downloaded http://repo.maven.apache.org/maven2/org/apache/maven/maven-archiver/2.4.2/maven-archiver-2.4.2.pom
2016-05-08 00:07:13,198 [Worker-24] INFO  c.n.h.c.p.n.NettyAsyncHttpProvider - Number of application's worked threads is 8
2016-05-08 00:07:13,251 [New I/O client worker #32-1] INFO  o.e.m.c.i.e.AbstractTransferListenerAdapter - Downloading http://repo.maven.apache.org/maven2/org/apache/maven/shared/maven-shared-components/16/maven-shared-components-16.pom
2016-05-08 00:07:13,267 [New I/O client worker #32-1] INFO  o.e.m.c.i.e.AbstractTransferListenerAdapter - Downloaded http://repo.maven.apache.org/maven2/org/apache/maven/shared/maven-shared-components/16/maven-shared-components-16.pom
2016-05-08 00:07:13,568 [Worker-24] INFO  c.n.h.c.p.n.NettyAsyncHttpProvider - Number of application's worked threads is 8
2016-05-08 00:07:13,636 [New I/O client worker #33-1] INFO  o.e.m.c.i.e.AbstractTransferListenerAdapter - Downloading http://repo.maven.apache.org/maven2/org/codehaus/plexus/plexus-archiver/2.0.1/plexus-archiver-2.0.1.pom
2016-05-08 00:07:13,652 [New I/O client worker #33-1] INFO  o.e.m.c.i.e.AbstractTransferListenerAdapter - Downloaded http://repo.maven.apache.org/maven2/org/codehaus/plexus/plexus-archiver/2.0.1/plexus-archiver-2.0.1.pom
2016-05-08 00:07:13,952 [Worker-24] INFO  c.n.h.c.p.n.NettyAsyncHttpProvider - Number of application's worked threads is 8
2016-05-08 00:07:14,036 [New I/O client worker #34-1] INFO  o.e.m.c.i.e.AbstractTransferListenerAdapter - Downloading http://repo.maven.apache.org/maven2/org/codehaus/plexus/plexus-io/2.0.1/plexus-io-2.0.1.pom
2016-05-08 00:07:14,036 [New I/O client worker #34-1] INFO  o.e.m.c.i.e.AbstractTransferListenerAdapter - Downloaded http://repo.maven.apache.org/maven2/org/codehaus/plexus/plexus-io/2.0.1/plexus-io-2.0.1.pom
2016-05-08 00:07:14,384 [Worker-24] INFO  c.n.h.c.p.n.NettyAsyncHttpProvider - Number of application's worked threads is 8
2016-05-08 00:07:14,469 [New I/O client worker #35-1] INFO  o.e.m.c.i.e.AbstractTransferListenerAdapter - Downloading http://repo.maven.apache.org/maven2/org/apache/maven/maven-archiver/2.4.2/maven-archiver-2.4.2.jar
2016-05-08 00:07:14,469 [New I/O client worker #35-3] INFO  o.e.m.c.i.e.AbstractTransferListenerAdapter - Downloading http://repo.maven.apache.org/maven2/org/codehaus/plexus/plexus-io/2.0.1/plexus-io-2.0.1.jar
2016-05-08 00:07:14,469 [New I/O client worker #35-2] INFO  o.e.m.c.i.e.AbstractTransferListenerAdapter - Downloading http://repo.maven.apache.org/maven2/org/codehaus/plexus/plexus-archiver/2.0.1/plexus-archiver-2.0.1.jar
2016-05-08 00:07:14,537 [New I/O client worker #35-1] INFO  o.e.m.c.i.e.AbstractTransferListenerAdapter - Downloaded http://repo.maven.apache.org/maven2/org/apache/maven/maven-archiver/2.4.2/maven-archiver-2.4.2.jar
2016-05-08 00:07:14,553 [New I/O client worker #35-3] INFO  o.e.m.c.i.e.AbstractTransferListenerAdapter - Downloaded http://repo.maven.apache.org/maven2/org/codehaus/plexus/plexus-io/2.0.1/plexus-io-2.0.1.jar
2016-05-08 00:07:14,715 [New I/O client worker #35-2] INFO  o.e.m.c.i.e.AbstractTransferListenerAdapter - Downloaded http://repo.maven.apache.org/maven2/org/codehaus/plexus/plexus-archiver/2.0.1/plexus-archiver-2.0.1.jar
2016-05-08 00:07:16,041 [Worker-24] INFO  c.n.h.c.p.n.NettyAsyncHttpProvider - Number of application's worked threads is 8
2016-05-08 00:07:16,157 [New I/O client worker #36-1] INFO  o.e.m.c.i.e.AbstractTransferListenerAdapter - Downloading http://repo.maven.apache.org/maven2/org/apache/maven/shared/maven-filtering/1.0/maven-filtering-1.0.pom
2016-05-08 00:07:16,173 [New I/O client worker #36-1] INFO  o.e.m.c.i.e.AbstractTransferListenerAdapter - Downloaded http://repo.maven.apache.org/maven2/org/apache/maven/shared/maven-filtering/1.0/maven-filtering-1.0.pom
2016-05-08 00:07:16,573 [Worker-24] INFO  c.n.h.c.p.n.NettyAsyncHttpProvider - Number of application's worked threads is 8
2016-05-08 00:07:16,673 [New I/O client worker #37-1] INFO  o.e.m.c.i.e.AbstractTransferListenerAdapter - Downloading http://repo.maven.apache.org/maven2/org/apache/maven/shared/maven-filtering/1.0/maven-filtering-1.0.jar
2016-05-08 00:07:16,820 [New I/O client worker #37-1] INFO  o.e.m.c.i.e.AbstractTransferListenerAdapter - Downloaded http://repo.maven.apache.org/maven2/org/apache/maven/shared/maven-filtering/1.0/maven-filtering-1.0.jar
2016-05-08 00:07:17,422 [Worker-31] INFO  o.e.m.c.i.l.LifecycleMappingFactory - Using org.eclipse.m2e.jdt.JarLifecycleMapping lifecycle mapping for MavenProject: MavenSportGroup:MavenSportArtifact:0.0.1-SNAPSHOT @ C:\JavaEE\Algorithms\MavenSportArtifact\pom.xml.
2016-05-08 00:07:17,423 [Worker-24] INFO  o.e.m.j.i.AbstractJavaProjectConfigurator - Adding source folder /MavenSportArtifact/src/main/java
2016-05-08 00:07:17,438 [Worker-24] INFO  o.e.m.j.i.AbstractJavaProjectConfigurator - Adding source folder /MavenSportArtifact/src/test/java
2016-05-08 00:09:22,987 [Worker-24] INFO  o.e.m.c.i.p.ProjectConfigurationManager - Project import completed 140 sec
2016-05-08 00:09:23,950 [Worker-24] INFO  o.e.m.c.i.l.LifecycleMappingFactory - Using org.eclipse.m2e.jdt.JarLifecycleMapping lifecycle mapping for MavenProject: MavenSportGroup:MavenSportArtifact:0.0.1-SNAPSHOT @ C:\JavaEE\Algorithms\MavenSportArtifact\pom.xml.
2016-05-08 00:09:24,122 [Worker-24] INFO  o.e.m.c.i.embedder.EclipseLogger - Using 'UTF-8' encoding to copy filtered resources.
2016-05-08 00:09:24,130 [Worker-24] INFO  o.e.m.c.i.embedder.EclipseLogger - skip non existing resourceDirectory C:\JavaEE\Algorithms\MavenSportArtifact\src\main\resources
2016-05-08 00:09:24,142 [Worker-24] INFO  o.e.m.c.i.embedder.EclipseLogger - Using 'UTF-8' encoding to copy filtered resources.
2016-05-08 00:09:24,150 [Worker-24] INFO  o.e.m.c.i.embedder.EclipseLogger - skip non existing resourceDirectory C:\JavaEE\Algorithms\MavenSportArtifact\src\test\resources
2016-05-08 00:10:13,724 [Worker-33] INFO  o.e.m.c.i.embedder.EclipseLogger - Using 'UTF-8' encoding to copy filtered resources.
2016-05-08 00:10:13,724 [Worker-33] INFO  o.e.m.c.i.embedder.EclipseLogger - skip non existing resourceDirectory C:\JavaEE\Algorithms\MavenSportArtifact\src\main\resources
2016-05-08 00:10:13,724 [Worker-33] INFO  o.e.m.c.i.embedder.EclipseLogger - Using 'UTF-8' encoding to copy filtered resources.
2016-05-08 00:10:13,742 [Worker-33] INFO  o.e.m.c.i.embedder.EclipseLogger - skip non existing resourceDirectory C:\JavaEE\Algorithms\MavenSportArtifact\src\test\resources
2016-05-08 00:10:54,352 [Worker-27] INFO  c.n.h.c.p.n.NettyAsyncHttpProvider - Number of application's worked threads is 8
2016-05-08 00:10:54,489 [New I/O client worker #38-1] INFO  o.e.m.c.i.e.AbstractTransferListenerAdapter - Downloaded http://repo.maven.apache.org/maven2/junit/junit/3.8.1/junit-3.8.1-javadoc.jar
2016-05-08 00:10:54,536 [Worker-27] ERROR o.e.m.j.internal.DownloadSourcesJob - Could not download sources for junit:junit:3.8.1
org.eclipse.core.runtime.CoreException: Could not resolve artifact junit:junit:jar:javadoc:3.8.1
	at org.eclipse.m2e.core.internal.embedder.MavenImpl$5.call(MavenImpl.java:750) ~[org.eclipse.m2e.core_1.4.0.20130601-0317.jar:na]
	at org.eclipse.m2e.core.internal.embedder.MavenImpl$5.call(MavenImpl.java:1) ~[org.eclipse.m2e.core_1.4.0.20130601-0317.jar:na]
	at org.eclipse.m2e.core.internal.embedder.MavenExecutionContext.executeBare(MavenExecutionContext.java:161) ~[org.eclipse.m2e.core_1.4.0.20130601-0317.jar:na]
	at org.eclipse.m2e.core.internal.embedder.MavenExecutionContext.execute(MavenExecutionContext.java:137) ~[org.eclipse.m2e.core_1.4.0.20130601-0317.jar:na]
	at org.eclipse.m2e.core.internal.embedder.MavenExecutionContext.execute(MavenExecutionContext.java:89) ~[org.eclipse.m2e.core_1.4.0.20130601-0317.jar:na]
	at org.eclipse.m2e.core.internal.embedder.MavenImpl.resolve(MavenImpl.java:717) ~[org.eclipse.m2e.core_1.4.0.20130601-0317.jar:na]
	at org.eclipse.m2e.core.internal.embedder.MavenImpl.resolve(MavenImpl.java:694) ~[org.eclipse.m2e.core_1.4.0.20130601-0317.jar:na]
	at org.eclipse.m2e.jdt.internal.DownloadSourcesJob.download(DownloadSourcesJob.java:231) [org.eclipse.m2e.jdt_1.4.0.20130601-0317.jar:na]
	at org.eclipse.m2e.jdt.internal.DownloadSourcesJob.downloadAttachments(DownloadSourcesJob.java:219) [org.eclipse.m2e.jdt_1.4.0.20130601-0317.jar:na]
	at org.eclipse.m2e.jdt.internal.DownloadSourcesJob.downloadMaven(DownloadSourcesJob.java:184) [org.eclipse.m2e.jdt_1.4.0.20130601-0317.jar:na]
	at org.eclipse.m2e.jdt.internal.DownloadSourcesJob.run(DownloadSourcesJob.java:140) [org.eclipse.m2e.jdt_1.4.0.20130601-0317.jar:na]
	at org.eclipse.core.internal.jobs.Worker.run(Worker.java:53) [org.eclipse.core.jobs_3.5.300.v20130429-1813.jar:na]
2016-05-08 00:10:54,668 [Worker-32] INFO  o.e.m.c.i.embedder.EclipseLogger - Using 'UTF-8' encoding to copy filtered resources.
2016-05-08 00:10:54,668 [Worker-32] INFO  o.e.m.c.i.embedder.EclipseLogger - skip non existing resourceDirectory C:\JavaEE\Algorithms\MavenSportArtifact\src\main\resources
2016-05-08 00:10:54,690 [Worker-32] INFO  o.e.m.c.i.embedder.EclipseLogger - Using 'UTF-8' encoding to copy filtered resources.
2016-05-08 00:10:54,690 [Worker-32] INFO  o.e.m.c.i.embedder.EclipseLogger - skip non existing resourceDirectory C:\JavaEE\Algorithms\MavenSportArtifact\src\test\resources
2016-05-08 00:11:43,559 [Worker-27] INFO  c.n.h.c.p.n.NettyAsyncHttpProvider - Number of application's worked threads is 8
2016-05-08 00:11:43,707 [New I/O client worker #39-1] INFO  o.e.m.c.i.e.AbstractTransferListenerAdapter - Downloading http://repo.maven.apache.org/maven2/junit/junit/3.8.1/junit-3.8.1-sources.jar
2016-05-08 00:11:43,840 [New I/O client worker #39-1] INFO  o.e.m.c.i.e.AbstractTransferListenerAdapter - Downloaded http://repo.maven.apache.org/maven2/junit/junit/3.8.1/junit-3.8.1-sources.jar
2016-05-08 00:11:44,292 [Worker-27] INFO  o.e.m.j.internal.DownloadSourcesJob - Downloaded sources for junit:junit:3.8.1
2016-05-08 00:11:44,462 [Worker-33] INFO  o.e.m.c.i.embedder.EclipseLogger - Using 'UTF-8' encoding to copy filtered resources.
2016-05-08 00:11:44,462 [Worker-33] INFO  o.e.m.c.i.embedder.EclipseLogger - skip non existing resourceDirectory C:\JavaEE\Algorithms\MavenSportArtifact\src\main\resources
2016-05-08 00:11:44,477 [Worker-33] INFO  o.e.m.c.i.embedder.EclipseLogger - Using 'UTF-8' encoding to copy filtered resources.
2016-05-08 00:11:44,477 [Worker-33] INFO  o.e.m.c.i.embedder.EclipseLogger - skip non existing resourceDirectory C:\JavaEE\Algorithms\MavenSportArtifact\src\test\resources
2016-05-08 16:21:42,407 [Worker-0] INFO  o.e.m.c.i.embedder.EclipseLogger - Using 'UTF-8' encoding to copy filtered resources.
2016-05-08 16:21:42,407 [Worker-0] INFO  o.e.m.c.i.embedder.EclipseLogger - skip non existing resourceDirectory C:\JavaEE\Algorithms\MavenSportArtifact\src\main\resources
2016-05-08 16:21:42,407 [Worker-0] INFO  o.e.m.c.i.embedder.EclipseLogger - Using 'UTF-8' encoding to copy filtered resources.
2016-05-08 16:21:42,407 [Worker-0] INFO  o.e.m.c.i.embedder.EclipseLogger - skip non existing resourceDirectory C:\JavaEE\Algorithms\MavenSportArtifact\src\test\resources
2016-05-17 10:46:39,329 [Worker-1] INFO  o.e.m.c.i.embedder.EclipseLogger - Using 'UTF-8' encoding to copy filtered resources.
2016-05-17 10:46:39,376 [Worker-1] INFO  o.e.m.c.i.embedder.EclipseLogger - skip non existing resourceDirectory C:\JavaEE\Algorithms\MavenSportArtifact\src\main\resources
2016-05-17 10:46:39,376 [Worker-1] INFO  o.e.m.c.i.embedder.EclipseLogger - Using 'UTF-8' encoding to copy filtered resources.
2016-05-17 10:46:39,376 [Worker-1] INFO  o.e.m.c.i.embedder.EclipseLogger - skip non existing resourceDirectory C:\JavaEE\Algorithms\MavenSportArtifact\src\test\resources
2016-05-22 23:44:11,153 [Worker-5] INFO  o.e.m.c.i.embedder.EclipseLogger - Using 'UTF-8' encoding to copy filtered resources.
2016-05-22 23:44:11,215 [Worker-5] INFO  o.e.m.c.i.embedder.EclipseLogger - skip non existing resourceDirectory C:\JavaEE\Algorithms\MavenSportArtifact\src\main\resources
2016-05-22 23:44:11,215 [Worker-5] INFO  o.e.m.c.i.embedder.EclipseLogger - Using 'UTF-8' encoding to copy filtered resources.
2016-05-22 23:44:11,215 [Worker-5] INFO  o.e.m.c.i.embedder.EclipseLogger - skip non existing resourceDirectory C:\JavaEE\Algorithms\MavenSportArtifact\src\test\resources
2016-06-01 09:31:05,624 [Worker-7] INFO  o.e.m.c.i.embedder.EclipseLogger - Using 'UTF-8' encoding to copy filtered resources.
2016-06-01 09:31:05,656 [Worker-7] INFO  o.e.m.c.i.embedder.EclipseLogger - skip non existing resourceDirectory C:\JavaEE\Algorithms\MavenSportArtifact\src\main\resources
2016-06-01 09:31:05,671 [Worker-7] INFO  o.e.m.c.i.embedder.EclipseLogger - Using 'UTF-8' encoding to copy filtered resources.
2016-06-01 09:31:05,690 [Worker-7] INFO  o.e.m.c.i.embedder.EclipseLogger - skip non existing resourceDirectory C:\JavaEE\Algorithms\MavenSportArtifact\src\test\resources
2016-06-02 12:32:34,417 [Worker-3] INFO  o.e.m.c.i.embedder.EclipseLogger - Using 'UTF-8' encoding to copy filtered resources.
2016-06-02 12:32:34,453 [Worker-3] INFO  o.e.m.c.i.embedder.EclipseLogger - skip non existing resourceDirectory C:\JavaEE\Algorithms\MavenSportArtifact\src\main\resources
2016-06-02 12:32:34,455 [Worker-3] INFO  o.e.m.c.i.embedder.EclipseLogger - Using 'UTF-8' encoding to copy filtered resources.
2016-06-02 12:32:34,474 [Worker-3] INFO  o.e.m.c.i.embedder.EclipseLogger - skip non existing resourceDirectory C:\JavaEE\Algorithms\MavenSportArtifact\src\test\resources
2016-06-08 17:22:10,690 [Worker-0] INFO  o.e.m.c.i.embedder.EclipseLogger - Using 'UTF-8' encoding to copy filtered resources.
2016-06-08 17:22:10,753 [Worker-0] INFO  o.e.m.c.i.embedder.EclipseLogger - skip non existing resourceDirectory C:\JavaEE\Algorithms\MavenSportArtifact\src\main\resources
2016-06-08 17:22:10,753 [Worker-0] INFO  o.e.m.c.i.embedder.EclipseLogger - Using 'UTF-8' encoding to copy filtered resources.
2016-06-08 17:22:10,753 [Worker-0] INFO  o.e.m.c.i.embedder.EclipseLogger - skip non existing resourceDirectory C:\JavaEE\Algorithms\MavenSportArtifact\src\test\resources
2016-06-13 14:24:22,990 [Worker-6] INFO  o.e.m.c.i.embedder.EclipseLogger - Using 'UTF-8' encoding to copy filtered resources.
2016-06-13 14:24:23,030 [Worker-6] INFO  o.e.m.c.i.embedder.EclipseLogger - skip non existing resourceDirectory C:\JavaEE\Algorithms\MavenSportArtifact\src\main\resources
2016-06-13 14:24:23,032 [Worker-6] INFO  o.e.m.c.i.embedder.EclipseLogger - Using 'UTF-8' encoding to copy filtered resources.
2016-06-13 14:24:23,033 [Worker-6] INFO  o.e.m.c.i.embedder.EclipseLogger - skip non existing resourceDirectory C:\JavaEE\Algorithms\MavenSportArtifact\src\test\resources
2016-06-14 17:36:18,238 [Worker-2] INFO  o.e.m.c.i.embedder.EclipseLogger - Using 'UTF-8' encoding to copy filtered resources.
2016-06-14 17:36:18,332 [Worker-2] INFO  o.e.m.c.i.embedder.EclipseLogger - skip non existing resourceDirectory C:\JavaEE\Algorithms\MavenSportArtifact\src\main\resources
2016-06-14 17:36:18,332 [Worker-2] INFO  o.e.m.c.i.embedder.EclipseLogger - Using 'UTF-8' encoding to copy filtered resources.
2016-06-14 17:36:18,332 [Worker-2] INFO  o.e.m.c.i.embedder.EclipseLogger - skip non existing resourceDirectory C:\JavaEE\Algorithms\MavenSportArtifact\src\test\resources
2016-06-15 19:01:27,453 [Worker-8] INFO  o.e.m.c.i.embedder.EclipseLogger - Using 'UTF-8' encoding to copy filtered resources.
2016-06-15 19:01:27,494 [Worker-8] INFO  o.e.m.c.i.embedder.EclipseLogger - skip non existing resourceDirectory C:\JavaEE\Algorithms\MavenSportArtifact\src\main\resources
2016-06-15 19:01:27,497 [Worker-8] INFO  o.e.m.c.i.embedder.EclipseLogger - Using 'UTF-8' encoding to copy filtered resources.
2016-06-15 19:01:27,497 [Worker-8] INFO  o.e.m.c.i.embedder.EclipseLogger - skip non existing resourceDirectory C:\JavaEE\Algorithms\MavenSportArtifact\src\test\resources
2016-07-25 20:13:47,809 [Worker-0] INFO  o.e.m.c.i.embedder.EclipseLogger - Using 'UTF-8' encoding to copy filtered resources.
2016-07-25 20:13:47,882 [Worker-0] INFO  o.e.m.c.i.embedder.EclipseLogger - skip non existing resourceDirectory C:\JavaEE\Algorithms\MavenSportArtifact\src\main\resources
2016-07-25 20:13:47,886 [Worker-0] INFO  o.e.m.c.i.embedder.EclipseLogger - Using 'UTF-8' encoding to copy filtered resources.
2016-07-25 20:13:47,887 [Worker-0] INFO  o.e.m.c.i.embedder.EclipseLogger - skip non existing resourceDirectory C:\JavaEE\Algorithms\MavenSportArtifact\src\test\resources
2016-08-07 12:56:23,513 [Worker-5] INFO  o.e.m.c.i.embedder.EclipseLogger - Using 'UTF-8' encoding to copy filtered resources.
2016-08-07 12:56:23,560 [Worker-5] INFO  o.e.m.c.i.embedder.EclipseLogger - skip non existing resourceDirectory C:\JavaEE\Algorithms\MavenSportArtifact\src\main\resources
2016-08-07 12:56:23,560 [Worker-5] INFO  o.e.m.c.i.embedder.EclipseLogger - Using 'UTF-8' encoding to copy filtered resources.
2016-08-07 12:56:23,560 [Worker-5] INFO  o.e.m.c.i.embedder.EclipseLogger - skip non existing resourceDirectory C:\JavaEE\Algorithms\MavenSportArtifact\src\test\resources
2016-08-10 15:13:37,435 [Worker-3] INFO  o.e.m.c.i.embedder.EclipseLogger - Using 'UTF-8' encoding to copy filtered resources.
2016-08-10 15:13:37,450 [Worker-3] INFO  o.e.m.c.i.embedder.EclipseLogger - skip non existing resourceDirectory C:\JavaEE\Algorithms\MavenSportArtifact\src\main\resources
2016-08-10 15:13:37,450 [Worker-3] INFO  o.e.m.c.i.embedder.EclipseLogger - Using 'UTF-8' encoding to copy filtered resources.
2016-08-10 15:13:37,450 [Worker-3] INFO  o.e.m.c.i.embedder.EclipseLogger - skip non existing resourceDirectory C:\JavaEE\Algorithms\MavenSportArtifact\src\test\resources
2016-08-10 15:13:41,633 [Worker-4] INFO  o.e.m.c.i.embedder.EclipseLogger - Using 'UTF-8' encoding to copy filtered resources.
2016-08-10 15:13:41,633 [Worker-4] INFO  o.e.m.c.i.embedder.EclipseLogger - skip non existing resourceDirectory C:\JavaEE\Algorithms\MavenSportArtifact\src\main\resources
2016-08-10 15:13:41,651 [Worker-4] INFO  o.e.m.c.i.embedder.EclipseLogger - Using 'UTF-8' encoding to copy filtered resources.
2016-08-10 15:13:41,652 [Worker-4] INFO  o.e.m.c.i.embedder.EclipseLogger - skip non existing resourceDirectory C:\JavaEE\Algorithms\MavenSportArtifact\src\test\resources
2016-08-15 23:37:57,677 [Worker-1] INFO  o.e.m.c.i.embedder.EclipseLogger - Using 'UTF-8' encoding to copy filtered resources.
2016-08-15 23:37:57,724 [Worker-1] INFO  o.e.m.c.i.embedder.EclipseLogger - skip non existing resourceDirectory C:\JavaEE\Algorithms\MavenSportArtifact\src\main\resources
2016-08-15 23:37:57,724 [Worker-1] INFO  o.e.m.c.i.embedder.EclipseLogger - Using 'UTF-8' encoding to copy filtered resources.
2016-08-15 23:37:57,724 [Worker-1] INFO  o.e.m.c.i.embedder.EclipseLogger - skip non existing resourceDirectory C:\JavaEE\Algorithms\MavenSportArtifact\src\test\resources
2016-08-28 11:35:10,451 [Worker-4] INFO  o.e.m.c.i.embedder.EclipseLogger - Using 'UTF-8' encoding to copy filtered resources.
2016-08-28 11:35:10,482 [Worker-4] INFO  o.e.m.c.i.embedder.EclipseLogger - skip non existing resourceDirectory C:\JavaEE\Algorithms\MavenSportArtifact\src\main\resources
2016-08-28 11:35:10,482 [Worker-4] INFO  o.e.m.c.i.embedder.EclipseLogger - Using 'UTF-8' encoding to copy filtered resources.
2016-08-28 11:35:10,482 [Worker-4] INFO  o.e.m.c.i.embedder.EclipseLogger - skip non existing resourceDirectory C:\JavaEE\Algorithms\MavenSportArtifact\src\test\resources
2016-08-29 00:27:15,269 [Worker-0] INFO  o.e.m.c.i.embedder.EclipseLogger - Using 'UTF-8' encoding to copy filtered resources.
2016-08-29 00:27:15,269 [Worker-0] INFO  o.e.m.c.i.embedder.EclipseLogger - skip non existing resourceDirectory C:\JavaEE\Algorithms\MavenSportArtifact\src\main\resources
2016-08-29 00:27:15,285 [Worker-0] INFO  o.e.m.c.i.embedder.EclipseLogger - Using 'UTF-8' encoding to copy filtered resources.
2016-08-29 00:27:15,300 [Worker-0] INFO  o.e.m.c.i.embedder.EclipseLogger - skip non existing resourceDirectory C:\JavaEE\Algorithms\MavenSportArtifact\src\test\resources
2016-09-02 12:38:27,518 [Worker-0] INFO  o.e.m.c.i.embedder.EclipseLogger - Using 'UTF-8' encoding to copy filtered resources.
2016-09-02 12:38:27,528 [Worker-0] INFO  o.e.m.c.i.embedder.EclipseLogger - skip non existing resourceDirectory C:\JavaEE\Algorithms\MavenSportArtifact\src\main\resources
2016-09-02 12:38:27,531 [Worker-0] INFO  o.e.m.c.i.embedder.EclipseLogger - Using 'UTF-8' encoding to copy filtered resources.
2016-09-02 12:38:27,548 [Worker-0] INFO  o.e.m.c.i.embedder.EclipseLogger - skip non existing resourceDirectory C:\JavaEE\Algorithms\MavenSportArtifact\src\test\resources
2016-09-05 08:51:15,692 [Worker-7] INFO  o.e.m.c.i.embedder.EclipseLogger - Using 'UTF-8' encoding to copy filtered resources.
2016-09-05 08:51:15,769 [Worker-7] INFO  o.e.m.c.i.embedder.EclipseLogger - skip non existing resourceDirectory C:\JavaEE\Algorithms\MavenSportArtifact\src\main\resources
2016-09-05 08:51:15,771 [Worker-7] INFO  o.e.m.c.i.embedder.EclipseLogger - Using 'UTF-8' encoding to copy filtered resources.
2016-09-05 08:51:15,772 [Worker-7] INFO  o.e.m.c.i.embedder.EclipseLogger - skip non existing resourceDirectory C:\JavaEE\Algorithms\MavenSportArtifact\src\test\resources
2016-09-12 09:57:13,297 [Worker-0] INFO  o.e.m.c.i.embedder.EclipseLogger - Using 'UTF-8' encoding to copy filtered resources.
2016-09-12 09:57:13,323 [Worker-0] INFO  o.e.m.c.i.embedder.EclipseLogger - skip non existing resourceDirectory C:\JavaEE\Algorithms\MavenSportArtifact\src\main\resources
2016-09-12 09:57:13,325 [Worker-0] INFO  o.e.m.c.i.embedder.EclipseLogger - Using 'UTF-8' encoding to copy filtered resources.
2016-09-12 09:57:13,325 [Worker-0] INFO  o.e.m.c.i.embedder.EclipseLogger - skip non existing resourceDirectory C:\JavaEE\Algorithms\MavenSportArtifact\src\test\resources
2016-09-19 15:53:42,263 [Worker-4] INFO  o.e.m.c.i.embedder.EclipseLogger - Using 'UTF-8' encoding to copy filtered resources.
2016-09-19 15:53:42,332 [Worker-4] INFO  o.e.m.c.i.embedder.EclipseLogger - skip non existing resourceDirectory C:\JavaEE\Algorithms\MavenSportArtifact\src\main\resources
2016-09-19 15:53:42,332 [Worker-4] INFO  o.e.m.c.i.embedder.EclipseLogger - Using 'UTF-8' encoding to copy filtered resources.
2016-09-19 15:53:42,332 [Worker-4] INFO  o.e.m.c.i.embedder.EclipseLogger - skip non existing resourceDirectory C:\JavaEE\Algorithms\MavenSportArtifact\src\test\resources
2016-09-20 17:57:45,354 [Worker-8] INFO  o.e.m.c.i.embedder.EclipseLogger - Using 'UTF-8' encoding to copy filtered resources.
2016-09-20 17:57:45,386 [Worker-8] INFO  o.e.m.c.i.embedder.EclipseLogger - skip non existing resourceDirectory C:\JavaEE\Algorithms\MavenSportArtifact\src\main\resources
2016-09-20 17:57:45,386 [Worker-8] INFO  o.e.m.c.i.embedder.EclipseLogger - Using 'UTF-8' encoding to copy filtered resources.
2016-09-20 17:57:45,386 [Worker-8] INFO  o.e.m.c.i.embedder.EclipseLogger - skip non existing resourceDirectory C:\JavaEE\Algorithms\MavenSportArtifact\src\test\resources
2016-09-22 12:21:46,247 [Worker-0] INFO  o.e.m.c.i.embedder.EclipseLogger - Using 'UTF-8' encoding to copy filtered resources.
2016-09-22 12:21:46,287 [Worker-0] INFO  o.e.m.c.i.embedder.EclipseLogger - skip non existing resourceDirectory C:\JavaEE\Algorithms\MavenSportArtifact\src\main\resources
2016-09-22 12:21:46,287 [Worker-0] INFO  o.e.m.c.i.embedder.EclipseLogger - Using 'UTF-8' encoding to copy filtered resources.
2016-09-22 12:21:46,302 [Worker-0] INFO  o.e.m.c.i.embedder.EclipseLogger - skip non existing resourceDirectory C:\JavaEE\Algorithms\MavenSportArtifact\src\test\resources
2016-09-22 12:21:48,489 [Worker-1] INFO  o.e.m.c.i.embedder.EclipseLogger - Using 'UTF-8' encoding to copy filtered resources.
2016-09-22 12:21:48,489 [Worker-1] INFO  o.e.m.c.i.embedder.EclipseLogger - skip non existing resourceDirectory C:\JavaEE\Algorithms\MavenSportArtifact\src\main\resources
2016-09-22 12:21:48,489 [Worker-1] INFO  o.e.m.c.i.embedder.EclipseLogger - Using 'UTF-8' encoding to copy filtered resources.
2016-09-22 12:21:48,489 [Worker-1] INFO  o.e.m.c.i.embedder.EclipseLogger - skip non existing resourceDirectory C:\JavaEE\Algorithms\MavenSportArtifact\src\test\resources
2016-09-24 17:20:19,002 [Worker-0] INFO  o.e.m.c.i.embedder.EclipseLogger - Using 'UTF-8' encoding to copy filtered resources.
2016-09-24 17:20:19,028 [Worker-0] INFO  o.e.m.c.i.embedder.EclipseLogger - skip non existing resourceDirectory C:\JavaEE\Algorithms\MavenSportArtifact\src\main\resources
2016-09-24 17:20:19,031 [Worker-0] INFO  o.e.m.c.i.embedder.EclipseLogger - Using 'UTF-8' encoding to copy filtered resources.
2016-09-24 17:20:19,031 [Worker-0] INFO  o.e.m.c.i.embedder.EclipseLogger - skip non existing resourceDirectory C:\JavaEE\Algorithms\MavenSportArtifact\src\test\resources
2016-09-27 18:31:40,175 [Worker-1] INFO  o.e.m.c.i.embedder.EclipseLogger - Using 'UTF-8' encoding to copy filtered resources.
2016-09-27 18:31:40,197 [Worker-1] INFO  o.e.m.c.i.embedder.EclipseLogger - skip non existing resourceDirectory C:\JavaEE\Algorithms\MavenSportArtifact\src\main\resources
2016-09-27 18:31:40,197 [Worker-1] INFO  o.e.m.c.i.embedder.EclipseLogger - Using 'UTF-8' encoding to copy filtered resources.
2016-09-27 18:31:40,213 [Worker-1] INFO  o.e.m.c.i.embedder.EclipseLogger - skip non existing resourceDirectory C:\JavaEE\Algorithms\MavenSportArtifact\src\test\resources
2016-10-01 14:23:11,180 [Worker-1] INFO  o.e.m.c.i.embedder.EclipseLogger - Using 'UTF-8' encoding to copy filtered resources.
2016-10-01 14:23:11,214 [Worker-1] INFO  o.e.m.c.i.embedder.EclipseLogger - skip non existing resourceDirectory C:\JavaEE\Algorithms\MavenSportArtifact\src\main\resources
2016-10-01 14:23:11,217 [Worker-1] INFO  o.e.m.c.i.embedder.EclipseLogger - Using 'UTF-8' encoding to copy filtered resources.
2016-10-01 14:23:11,217 [Worker-1] INFO  o.e.m.c.i.embedder.EclipseLogger - skip non existing resourceDirectory C:\JavaEE\Algorithms\MavenSportArtifact\src\test\resources
2016-10-02 17:27:42,881 [Worker-3] INFO  o.e.m.c.i.embedder.EclipseLogger - Using 'UTF-8' encoding to copy filtered resources.
2016-10-02 17:27:42,903 [Worker-3] INFO  o.e.m.c.i.embedder.EclipseLogger - skip non existing resourceDirectory C:\JavaEE\Algorithms\MavenSportArtifact\src\main\resources
2016-10-02 17:27:42,919 [Worker-3] INFO  o.e.m.c.i.embedder.EclipseLogger - Using 'UTF-8' encoding to copy filtered resources.
2016-10-02 17:27:42,919 [Worker-3] INFO  o.e.m.c.i.embedder.EclipseLogger - skip non existing resourceDirectory C:\JavaEE\Algorithms\MavenSportArtifact\src\test\resources
2016-10-05 16:14:03,945 [Worker-5] INFO  o.e.m.c.i.embedder.EclipseLogger - Using 'UTF-8' encoding to copy filtered resources.
2016-10-05 16:14:03,986 [Worker-5] INFO  o.e.m.c.i.embedder.EclipseLogger - skip non existing resourceDirectory C:\JavaEE\Algorithms\MavenSportArtifact\src\main\resources
2016-10-05 16:14:03,991 [Worker-5] INFO  o.e.m.c.i.embedder.EclipseLogger - Using 'UTF-8' encoding to copy filtered resources.
2016-10-05 16:14:03,992 [Worker-5] INFO  o.e.m.c.i.embedder.EclipseLogger - skip non existing resourceDirectory C:\JavaEE\Algorithms\MavenSportArtifact\src\test\resources
2016-10-11 12:00:09,343 [Worker-3] INFO  o.e.m.c.i.embedder.EclipseLogger - Using 'UTF-8' encoding to copy filtered resources.
2016-10-11 12:00:09,390 [Worker-3] INFO  o.e.m.c.i.embedder.EclipseLogger - skip non existing resourceDirectory C:\JavaEE\Algorithms\MavenSportArtifact\src\main\resources
2016-10-11 12:00:09,390 [Worker-3] INFO  o.e.m.c.i.embedder.EclipseLogger - Using 'UTF-8' encoding to copy filtered resources.
2016-10-11 12:00:09,390 [Worker-3] INFO  o.e.m.c.i.embedder.EclipseLogger - skip non existing resourceDirectory C:\JavaEE\Algorithms\MavenSportArtifact\src\test\resources
2016-10-13 18:48:45,820 [Worker-3] INFO  o.e.m.c.i.embedder.EclipseLogger - Using 'UTF-8' encoding to copy filtered resources.
2016-10-13 18:48:45,864 [Worker-3] INFO  o.e.m.c.i.embedder.EclipseLogger - skip non existing resourceDirectory C:\JavaEE\Algorithms\MavenSportArtifact\src\main\resources
2016-10-13 18:48:45,866 [Worker-3] INFO  o.e.m.c.i.embedder.EclipseLogger - Using 'UTF-8' encoding to copy filtered resources.
2016-10-13 18:48:45,866 [Worker-3] INFO  o.e.m.c.i.embedder.EclipseLogger - skip non existing resourceDirectory C:\JavaEE\Algorithms\MavenSportArtifact\src\test\resources
